Arguments: 
  C:\Program Files\nodejs\node.exe C:\Users\Pc\AppData\Roaming\npm\node_modules\yarn\bin\yarn.js add expo-geocoding

PATH: 
  C:\Program Files\Common Files\Oracle\Java\javapath;C:\WINDOWS\system32;C:\WINDOWS;C:\WINDOWS\System32\Wbem;C:\WINDOWS\System32\WindowsPowerShell\v1.0\;C:\WINDOWS\System32\OpenSSH\;C:\Program Files\PuTTY\;C:\Program Files\nodejs\;C:\Users\Pc\AppData\Local\Android\Sdk\platform-tools;C:\Users\Pc\AppData\Local\Microsoft\WindowsApps;;D:\VS\Microsoft VS Code\bin;D:\intellij\IntelliJ IDEA 2022.2\bin;;C:\Program Files (x86)\Nmap;C:\Users\Pc\AppData\Roaming\npm

Yarn version: 
  1.22.19

Node version: 
  18.13.0

Platform: 
  win32 x64

Trace: 
  Error: https://registry.yarnpkg.com/expo-geocoding: Not found
      at params.callback [as _callback] (C:\Users\Pc\AppData\Roaming\npm\node_modules\yarn\lib\cli.js:66145:18)
      at self.callback (C:\Users\Pc\AppData\Roaming\npm\node_modules\yarn\lib\cli.js:140890:22)
      at Request.emit (node:events:513:28)
      at Request.<anonymous> (C:\Users\Pc\AppData\Roaming\npm\node_modules\yarn\lib\cli.js:141862:10)
      at Request.emit (node:events:513:28)
      at IncomingMessage.<anonymous> (C:\Users\Pc\AppData\Roaming\npm\node_modules\yarn\lib\cli.js:141784:12)
      at Object.onceWrapper (node:events:627:28)
      at IncomingMessage.emit (node:events:525:35)
      at endReadableNT (node:internal/streams/readable:1359:12)
      at process.processTicksAndRejections (node:internal/process/task_queues:82:21)

npm manifest: 
  {
    "name": "doctorapp",
    "version": "1.0.0",
    "main": "node_modules/expo/AppEntry.js",
    "scripts": {
      "start": "expo start",
      "android": "expo start --android",
      "ios": "expo start --ios",
      "web": "expo start --web"
    },
    "dependencies": {
      "@react-native-community/datetimepicker": "6.5.2",
      "@react-native-community/geolocation": "^3.0.5",
      "@react-navigation/native": "^6.1.3",
      "@react-navigation/native-stack": "^6.9.9",
      "expo": "~47.0.12",
      "expo-location": "~15.0.1",
      "expo-status-bar": "~1.4.2",
      "react": "18.1.0",
      "react-native": "0.70.5",
      "react-native-geocoding": "^0.5.0",
      "react-native-get-location": "^2.2.1",
      "react-native-location": "^2.5.0",
      "react-native-maps": "1.3.2",
      "react-native-safe-area-context": "^4.4.1",
      "react-native-screens": "~3.18.0",
      "react-native-web": "~0.18.9",
      "react-dom": "18.1.0",
      "@expo/webpack-config": "^0.17.2"
    },
    "devDependencies": {
      "@babel/core": "^7.12.9"
    },
    "private": true
  }

yarn manifest: 
  No manifest

Lockfile: 
  No lockfile
